<?xml version="1.0" encoding="UTF-8"?>
<!-- Generated by org.testng.reporters.JUnitReportReporter -->
<testsuite skipped="0" hostname="TRG-ISKY-Midhat" name="Test.Runner" tests="1" failures="0" timestamp="08 Feb 2020 10:32:26 GMT" time="9.256" errors="0">
  <testcase name="addToCart" time="9.256" classname="Test.Runner"/>
</testsuite> <!-- Test.Runner -->
